-------------------------------------------------------------------------------
Test set: com.airport.controller.AirportManagementControllerTest
-------------------------------------------------------------------------------
Tests run: 17, Failures: 17, Errors: 0, Skipped: 0, Time elapsed: 0.215 s <<< FAILURE! - in com.airport.controller.AirportManagementControllerTest
testListCountries(com.airport.controller.AirportManagementControllerTest)  Time elapsed: 0.027 s  <<< FAILURE!
java.lang.AssertionError: Not Yet Implemented
	at com.airport.controller.AirportManagementControllerTest.testListCountries(AirportManagementControllerTest.java:77)

testGetRandomAirport(com.airport.controller.AirportManagementControllerTest)  Time elapsed: 0.001 s  <<< FAILURE!
java.lang.AssertionError: Not Yet Implemented
	at com.airport.controller.AirportManagementControllerTest.testGetRandomAirport(AirportManagementControllerTest.java:73)

testLogin(com.airport.controller.AirportManagementControllerTest)  Time elapsed: 0 s  <<< FAILURE!
java.lang.AssertionError: Not Yet Implemented
	at com.airport.controller.AirportManagementControllerTest.testLogin(AirportManagementControllerTest.java:87)

testHelp(com.airport.controller.AirportManagementControllerTest)  Time elapsed: 0.008 s  <<< FAILURE!
java.lang.AssertionError: Not Yet Implemented
	at com.airport.controller.AirportManagementControllerTest.testHelp(AirportManagementControllerTest.java:96)

testListAllRegions(com.airport.controller.AirportManagementControllerTest)  Time elapsed: 0 s  <<< FAILURE!
java.lang.AssertionError: Not Yet Implemented
	at com.airport.controller.AirportManagementControllerTest.testListAllRegions(AirportManagementControllerTest.java:63)

testListAllNavaids(com.airport.controller.AirportManagementControllerTest)  Time elapsed: 0.002 s  <<< FAILURE!
java.lang.AssertionError: Not Yet Implemented
	at com.airport.controller.AirportManagementControllerTest.testListAllNavaids(AirportManagementControllerTest.java:68)

testFindAirportsByName(com.airport.controller.AirportManagementControllerTest)  Time elapsed: 0.002 s  <<< FAILURE!
java.lang.AssertionError: Not Yet Impemented
	at com.airport.controller.AirportManagementControllerTest.testFindAirportsByName(AirportManagementControllerTest.java:33)

testFindAirportsBySize(com.airport.controller.AirportManagementControllerTest)  Time elapsed: 0.001 s  <<< FAILURE!
java.lang.AssertionError: Not Yet Implemented
	at com.airport.controller.AirportManagementControllerTest.testFindAirportsBySize(AirportManagementControllerTest.java:43)

testFindAirportsByCountry(com.airport.controller.AirportManagementControllerTest)  Time elapsed: 0.001 s  <<< FAILURE!
java.lang.AssertionError: Not Yet Impemented
	at com.airport.controller.AirportManagementControllerTest.testFindAirportsByCountry(AirportManagementControllerTest.java:38)

testFindHelipads(com.airport.controller.AirportManagementControllerTest)  Time elapsed: 0 s  <<< FAILURE!
java.lang.AssertionError: Not Yet Implemented
	at com.airport.controller.AirportManagementControllerTest.testFindHelipads(AirportManagementControllerTest.java:53)

listAirportsSorted(com.airport.controller.AirportManagementControllerTest)  Time elapsed: 0.001 s  <<< FAILURE!
java.lang.AssertionError: Not Yet Implemented
	at com.airport.controller.AirportManagementControllerTest.listAirportsSorted(AirportManagementControllerTest.java:100)

testFindAirportsByRunways(com.airport.controller.AirportManagementControllerTest)  Time elapsed: 0.001 s  <<< FAILURE!
java.lang.AssertionError: Not Yet Implemented
	at com.airport.controller.AirportManagementControllerTest.testFindAirportsByRunways(AirportManagementControllerTest.java:48)

testListContinents(com.airport.controller.AirportManagementControllerTest)  Time elapsed: 0.008 s  <<< FAILURE!
java.lang.AssertionError: Not Yet Implemented
	at com.airport.controller.AirportManagementControllerTest.testListContinents(AirportManagementControllerTest.java:82)

listAirportsPaginated(com.airport.controller.AirportManagementControllerTest)  Time elapsed: 0.006 s  <<< FAILURE!
java.lang.AssertionError: Not Yet Implemented
	at com.airport.controller.AirportManagementControllerTest.listAirportsPaginated(AirportManagementControllerTest.java:104)

testFindAirportsByContinent(com.airport.controller.AirportManagementControllerTest)  Time elapsed: 0.001 s  <<< FAILURE!
java.lang.AssertionError: Not Yet Implemented
	at com.airport.controller.AirportManagementControllerTest.testFindAirportsByContinent(AirportManagementControllerTest.java:58)

testSignup(com.airport.controller.AirportManagementControllerTest)  Time elapsed: 0.002 s  <<< FAILURE!
java.lang.AssertionError: Not Yet Implemented
	at com.airport.controller.AirportManagementControllerTest.testSignup(AirportManagementControllerTest.java:92)

testListAllAirports(com.airport.controller.AirportManagementControllerTest)  Time elapsed: 0.001 s  <<< FAILURE!
java.lang.AssertionError: Not implemented
	at com.airport.controller.AirportManagementControllerTest.testListAllAirports(AirportManagementControllerTest.java:28)

