<?xml version="1.0" encoding="UTF-8"?>
<testsuite xmlns:xsi="http://www.w3.org/2001/XMLSchema-instance" xsi:noNamespaceSchemaLocation="https://maven.apache.org/surefire/maven-surefire-plugin/xsd/surefire-test-report.xsd" name="com.airport.controller.AirportManagementControllerTest" time="0.214" tests="17" errors="0" skipped="0" failures="17">
  <properties>
[...]
</properties>
  <testcase name="testListCountries" classname="com.airport.controller.AirportManagementControllerTest" time="0.033">
    <failure message="Not Yet Implemented" type="java.lang.AssertionError">java.lang.AssertionError: Not Yet Implemented
	at com.airport.controller.AirportManagementControllerTest.testListCountries(AirportManagementControllerTest.java:77)
</failure>
    <system-out><![CDATA[Before
After
]]></system-out>
  </testcase>
  <testcase name="testGetRandomAirport" classname="com.airport.controller.AirportManagementControllerTest" time="0.006">
    <failure message="Not Yet Implemented" type="java.lang.AssertionError">java.lang.AssertionError: Not Yet Implemented
	at com.airport.controller.AirportManagementControllerTest.testGetRandomAirport(AirportManagementControllerTest.java:73)
</failure>
    <system-out><![CDATA[Before
After
]]></system-out>
  </testcase>
  <testcase name="testLogin" classname="com.airport.controller.AirportManagementControllerTest" time="0.004">
    <failure message="Not Yet Implemented" type="java.lang.AssertionError">java.lang.AssertionError: Not Yet Implemented
	at com.airport.controller.AirportManagementControllerTest.testLogin(AirportManagementControllerTest.java:87)
</failure>
    <system-out><![CDATA[Before
After
]]></system-out>
  </testcase>
  <testcase name="testHelp" classname="com.airport.controller.AirportManagementControllerTest" time="0.001">
    <failure message="Not Yet Implemented" type="java.lang.AssertionError">java.lang.AssertionError: Not Yet Implemented
	at com.airport.controller.AirportManagementControllerTest.testHelp(AirportManagementControllerTest.java:96)
</failure>
    <system-out><![CDATA[Before
After
]]></system-out>
  </testcase>
  <testcase name="testListAllRegions" classname="com.airport.controller.AirportManagementControllerTest" time="0.013">
    <failure message="Not Yet Implemented" type="java.lang.AssertionError">java.lang.AssertionError: Not Yet Implemented
	at com.airport.controller.AirportManagementControllerTest.testListAllRegions(AirportManagementControllerTest.java:63)
</failure>
    <system-out><![CDATA[Before
After
]]></system-out>
  </testcase>
  <testcase name="testListAllNavaids" classname="com.airport.controller.AirportManagementControllerTest" time="0.001">
    <failure message="Not Yet Implemented" type="java.lang.AssertionError">java.lang.AssertionError: Not Yet Implemented
	at com.airport.controller.AirportManagementControllerTest.testListAllNavaids(AirportManagementControllerTest.java:68)
</failure>
    <system-out><![CDATA[Before
After
]]></system-out>
  </testcase>
  <testcase name="testFindAirportsByName" classname="com.airport.controller.AirportManagementControllerTest" time="0">
    <failure message="Not Yet Impemented" type="java.lang.AssertionError">java.lang.AssertionError: Not Yet Impemented
	at com.airport.controller.AirportManagementControllerTest.testFindAirportsByName(AirportManagementControllerTest.java:33)
</failure>
    <system-out><![CDATA[Before
After
]]></system-out>
  </testcase>
  <testcase name="testFindAirportsBySize" classname="com.airport.controller.AirportManagementControllerTest" time="0.001">
    <failure message="Not Yet Implemented" type="java.lang.AssertionError">java.lang.AssertionError: Not Yet Implemented
	at com.airport.controller.AirportManagementControllerTest.testFindAirportsBySize(AirportManagementControllerTest.java:43)
</failure>
    <system-out><![CDATA[Before
After
]]></system-out>
  </testcase>
  <testcase name="testFindAirportsByCountry" classname="com.airport.controller.AirportManagementControllerTest" time="0">
    <failure message="Not Yet Impemented" type="java.lang.AssertionError">java.lang.AssertionError: Not Yet Impemented
	at com.airport.controller.AirportManagementControllerTest.testFindAirportsByCountry(AirportManagementControllerTest.java:38)
</failure>
    <system-out><![CDATA[Before
After
]]></system-out>
  </testcase>
  <testcase name="testFindHelipads" classname="com.airport.controller.AirportManagementControllerTest" time="0.001">
    <failure message="Not Yet Implemented" type="java.lang.AssertionError">java.lang.AssertionError: Not Yet Implemented
	at com.airport.controller.AirportManagementControllerTest.testFindHelipads(AirportManagementControllerTest.java:53)
</failure>
    <system-out><![CDATA[Before
After
]]></system-out>
  </testcase>
  <testcase name="listAirportsSorted" classname="com.airport.controller.AirportManagementControllerTest" time="0">
    <failure message="Not Yet Implemented" type="java.lang.AssertionError">java.lang.AssertionError: Not Yet Implemented
	at com.airport.controller.AirportManagementControllerTest.listAirportsSorted(AirportManagementControllerTest.java:100)
</failure>
    <system-out><![CDATA[Before
After
]]></system-out>
  </testcase>
  <testcase name="testFindAirportsByRunways" classname="com.airport.controller.AirportManagementControllerTest" time="0">
    <failure message="Not Yet Implemented" type="java.lang.AssertionError">java.lang.AssertionError: Not Yet Implemented
	at com.airport.controller.AirportManagementControllerTest.testFindAirportsByRunways(AirportManagementControllerTest.java:48)
</failure>
    <system-out><![CDATA[Before
After
]]></system-out>
  </testcase>
  <testcase name="testListContinents" classname="com.airport.controller.AirportManagementControllerTest" time="0">
    <failure message="Not Yet Implemented" type="java.lang.AssertionError">java.lang.AssertionError: Not Yet Implemented
	at com.airport.controller.AirportManagementControllerTest.testListContinents(AirportManagementControllerTest.java:82)
</failure>
    <system-out><![CDATA[Before
After
]]></system-out>
  </testcase>
  <testcase name="listAirportsPaginated" classname="com.airport.controller.AirportManagementControllerTest" time="0">
    <failure message="Not Yet Implemented" type="java.lang.AssertionError">java.lang.AssertionError: Not Yet Implemented
	at com.airport.controller.AirportManagementControllerTest.listAirportsPaginated(AirportManagementControllerTest.java:104)
</failure>
    <system-out><![CDATA[Before
After
]]></system-out>
  </testcase>
  <testcase name="testFindAirportsByContinent" classname="com.airport.controller.AirportManagementControllerTest" time="0.001">
    <failure message="Not Yet Implemented" type="java.lang.AssertionError">java.lang.AssertionError: Not Yet Implemented
	at com.airport.controller.AirportManagementControllerTest.testFindAirportsByContinent(AirportManagementControllerTest.java:58)
</failure>
    <system-out><![CDATA[Before
After
]]></system-out>
  </testcase>
  <testcase name="testSignup" classname="com.airport.controller.AirportManagementControllerTest" time="0">
    <failure message="Not Yet Implemented" type="java.lang.AssertionError">java.lang.AssertionError: Not Yet Implemented
	at com.airport.controller.AirportManagementControllerTest.testSignup(AirportManagementControllerTest.java:92)
</failure>
    <system-out><![CDATA[Before
After
]]></system-out>
  </testcase>
  <testcase name="testListAllAirports" classname="com.airport.controller.AirportManagementControllerTest" time="0.001">
    <failure message="Not implemented" type="java.lang.AssertionError">java.lang.AssertionError: Not implemented
	at com.airport.controller.AirportManagementControllerTest.testListAllAirports(AirportManagementControllerTest.java:28)
</failure>
    <system-out><![CDATA[Before
After
]]></system-out>
  </testcase>
</testsuite>