<?xml version="1.0" encoding="UTF-8"?>
<testsuite xmlns:xsi="http://www.w3.org/2001/XMLSchema-instance" xsi:noNamespaceSchemaLocation="https://maven.apache.org/surefire/maven-surefire-plugin/xsd/surefire-test-report.xsd" name="com.airport.controller.AirportManagementServiceTest" time="0.732" tests="17" errors="1" skipped="0" failures="16">
  <properties>
[...]
</properties>
  <testcase name="testListCountries" classname="com.airport.controller.AirportManagementServiceTest" time="0">
    <failure message="Not Yet Implemented" type="java.lang.AssertionError">java.lang.AssertionError: Not Yet Implemented
	at com.airport.controller.AirportManagementServiceTest.testListCountries(AirportManagementServiceTest.java:80)
</failure>
    <system-out><![CDATA[Before
After
]]></system-out>
  </testcase>
  <testcase name="testGetRandomAirport" classname="com.airport.controller.AirportManagementServiceTest" time="0.001">
    <failure message="Not Yet Implemented" type="java.lang.AssertionError">java.lang.AssertionError: Not Yet Implemented
	at com.airport.controller.AirportManagementServiceTest.testGetRandomAirport(AirportManagementServiceTest.java:76)
</failure>
    <system-out><![CDATA[Before
After
]]></system-out>
  </testcase>
  <testcase name="testLogin" classname="com.airport.controller.AirportManagementServiceTest" time="0.001">
    <failure message="Not Yet Implemented" type="java.lang.AssertionError">java.lang.AssertionError: Not Yet Implemented
	at com.airport.controller.AirportManagementServiceTest.testLogin(AirportManagementServiceTest.java:90)
</failure>
    <system-out><![CDATA[Before
After
]]></system-out>
  </testcase>
  <testcase name="testHelp" classname="com.airport.controller.AirportManagementServiceTest" time="0">
    <failure message="Not Yet Implemented" type="java.lang.AssertionError">java.lang.AssertionError: Not Yet Implemented
	at com.airport.controller.AirportManagementServiceTest.testHelp(AirportManagementServiceTest.java:99)
</failure>
    <system-out><![CDATA[Before
After
]]></system-out>
  </testcase>
  <testcase name="testListAllRegions" classname="com.airport.controller.AirportManagementServiceTest" time="0">
    <failure message="Not Yet Implemented" type="java.lang.AssertionError">java.lang.AssertionError: Not Yet Implemented
	at com.airport.controller.AirportManagementServiceTest.testListAllRegions(AirportManagementServiceTest.java:66)
</failure>
    <system-out><![CDATA[Before
After
]]></system-out>
  </testcase>
  <testcase name="testListAllNavaids" classname="com.airport.controller.AirportManagementServiceTest" time="0.001">
    <failure message="Not Yet Implemented" type="java.lang.AssertionError">java.lang.AssertionError: Not Yet Implemented
	at com.airport.controller.AirportManagementServiceTest.testListAllNavaids(AirportManagementServiceTest.java:71)
</failure>
    <system-out><![CDATA[Before
After
]]></system-out>
  </testcase>
  <testcase name="testFindAirportsByName" classname="com.airport.controller.AirportManagementServiceTest" time="0.001">
    <failure message="Not Yet Impemented" type="java.lang.AssertionError">java.lang.AssertionError: Not Yet Impemented
	at com.airport.controller.AirportManagementServiceTest.testFindAirportsByName(AirportManagementServiceTest.java:36)
</failure>
    <system-out><![CDATA[Before
After
]]></system-out>
  </testcase>
  <testcase name="testFindAirportsBySize" classname="com.airport.controller.AirportManagementServiceTest" time="0.001">
    <failure message="Not Yet Implemented" type="java.lang.AssertionError">java.lang.AssertionError: Not Yet Implemented
	at com.airport.controller.AirportManagementServiceTest.testFindAirportsBySize(AirportManagementServiceTest.java:46)
</failure>
    <system-out><![CDATA[Before
After
]]></system-out>
  </testcase>
  <testcase name="testFindAirportsByCountry" classname="com.airport.controller.AirportManagementServiceTest" time="0.001">
    <failure message="Not Yet Impemented" type="java.lang.AssertionError">java.lang.AssertionError: Not Yet Impemented
	at com.airport.controller.AirportManagementServiceTest.testFindAirportsByCountry(AirportManagementServiceTest.java:41)
</failure>
    <system-out><![CDATA[Before
After
]]></system-out>
  </testcase>
  <testcase name="testFindHelipads" classname="com.airport.controller.AirportManagementServiceTest" time="0.001">
    <failure message="Not Yet Implemented" type="java.lang.AssertionError">java.lang.AssertionError: Not Yet Implemented
	at com.airport.controller.AirportManagementServiceTest.testFindHelipads(AirportManagementServiceTest.java:56)
</failure>
    <system-out><![CDATA[Before
After
]]></system-out>
  </testcase>
  <testcase name="listAirportsSorted" classname="com.airport.controller.AirportManagementServiceTest" time="0">
    <failure message="Not Yet Implemented" type="java.lang.AssertionError">java.lang.AssertionError: Not Yet Implemented
	at com.airport.controller.AirportManagementServiceTest.listAirportsSorted(AirportManagementServiceTest.java:103)
</failure>
    <system-out><![CDATA[Before
After
]]></system-out>
  </testcase>
  <testcase name="testFindAirportsByRunways" classname="com.airport.controller.AirportManagementServiceTest" time="0.002">
    <failure message="Not Yet Implemented" type="java.lang.AssertionError">java.lang.AssertionError: Not Yet Implemented
	at com.airport.controller.AirportManagementServiceTest.testFindAirportsByRunways(AirportManagementServiceTest.java:51)
</failure>
    <system-out><![CDATA[Before
After
]]></system-out>
  </testcase>
  <testcase name="testListContinents" classname="com.airport.controller.AirportManagementServiceTest" time="0.001">
    <failure message="Not Yet Implemented" type="java.lang.AssertionError">java.lang.AssertionError: Not Yet Implemented
	at com.airport.controller.AirportManagementServiceTest.testListContinents(AirportManagementServiceTest.java:85)
</failure>
    <system-out><![CDATA[Before
After
]]></system-out>
  </testcase>
  <testcase name="listAirportsPaginated" classname="com.airport.controller.AirportManagementServiceTest" time="0.001">
    <failure message="Not Yet Implemented" type="java.lang.AssertionError">java.lang.AssertionError: Not Yet Implemented
	at com.airport.controller.AirportManagementServiceTest.listAirportsPaginated(AirportManagementServiceTest.java:107)
</failure>
    <system-out><![CDATA[Before
After
]]></system-out>
  </testcase>
  <testcase name="testFindAirportsByContinent" classname="com.airport.controller.AirportManagementServiceTest" time="0.001">
    <failure message="Not Yet Implemented" type="java.lang.AssertionError">java.lang.AssertionError: Not Yet Implemented
	at com.airport.controller.AirportManagementServiceTest.testFindAirportsByContinent(AirportManagementServiceTest.java:61)
</failure>
    <system-out><![CDATA[Before
After
]]></system-out>
  </testcase>
  <testcase name="testSignup" classname="com.airport.controller.AirportManagementServiceTest" time="0.001">
    <failure message="Not Yet Implemented" type="java.lang.AssertionError">java.lang.AssertionError: Not Yet Implemented
	at com.airport.controller.AirportManagementServiceTest.testSignup(AirportManagementServiceTest.java:95)
</failure>
    <system-out><![CDATA[Before
After
]]></system-out>
  </testcase>
  <testcase name="testListAllAirports" classname="com.airport.controller.AirportManagementServiceTest" time="0.715">
    <error type="java.lang.NullPointerException">java.lang.NullPointerException
	at com.airport.controller.AirportManagementServiceTest.testListAllAirports(AirportManagementServiceTest.java:30)
</error>
    <system-out><![CDATA[Before
19:24:45,776 |-INFO in ch.qos.logback.classic.LoggerContext[default] - Could NOT find resource [logback-test.xml]
19:24:45,777 |-INFO in ch.qos.logback.classic.LoggerContext[default] - Could NOT find resource [logback.groovy]
19:24:45,779 |-INFO in ch.qos.logback.classic.LoggerContext[default] - Found resource [logback.xml] at [file:/C:/Users/sanyo/IdeaProjects/AirportManagementSystem/target/classes/logback.xml]
19:24:46,082 |-INFO in ch.qos.logback.classic.joran.action.ConfigurationAction - debug attribute not set
19:24:46,104 |-INFO in ch.qos.logback.core.joran.action.AppenderAction - About to instantiate appender of type [ch.qos.logback.ConsoleAppender]
19:24:46,105 |-ERROR in ch.qos.logback.core.joran.action.AppenderAction - Could not create an Appender of type [ch.qos.logback.ConsoleAppender]. ch.qos.logback.core.util.DynamicClassLoadingException: Failed to instantiate type ch.qos.logback.ConsoleAppender
	at ch.qos.logback.core.util.DynamicClassLoadingException: Failed to instantiate type ch.qos.logback.ConsoleAppender
	at 	at ch.qos.logback.core.util.OptionHelper.instantiateByClassNameAndParameter(OptionHelper.java:69)
	at 	at ch.qos.logback.core.util.OptionHelper.instantiateByClassName(OptionHelper.java:45)
	at 	at ch.qos.logback.core.util.OptionHelper.instantiateByClassName(OptionHelper.java:34)
	at 	at ch.qos.logback.core.joran.action.AppenderAction.begin(AppenderAction.java:52)
	at 	at ch.qos.logback.core.joran.spi.Interpreter.callBeginAction(Interpreter.java:269)
	at 	at ch.qos.logback.core.joran.spi.Interpreter.startElement(Interpreter.java:145)
	at 	at ch.qos.logback.core.joran.spi.Interpreter.startElement(Interpreter.java:128)
	at 	at ch.qos.logback.core.joran.spi.EventPlayer.play(EventPlayer.java:50)
	at 	at ch.qos.logback.core.joran.GenericConfigurator.doConfigure(GenericConfigurator.java:165)
	at 	at ch.qos.logback.core.joran.GenericConfigurator.doConfigure(GenericConfigurator.java:152)
	at 	at ch.qos.logback.core.joran.GenericConfigurator.doConfigure(GenericConfigurator.java:110)
	at 	at ch.qos.logback.core.joran.GenericConfigurator.doConfigure(GenericConfigurator.java:53)
	at 	at ch.qos.logback.classic.util.ContextInitializer.configureByResource(ContextInitializer.java:75)
	at 	at ch.qos.logback.classic.util.ContextInitializer.autoConfig(ContextInitializer.java:150)
	at 	at org.slf4j.impl.StaticLoggerBinder.init(StaticLoggerBinder.java:84)
	at 	at org.slf4j.impl.StaticLoggerBinder.<clinit>(StaticLoggerBinder.java:55)
	at 	at org.slf4j.LoggerFactory.bind(LoggerFactory.java:150)
	at 	at org.slf4j.LoggerFactory.performInitialization(LoggerFactory.java:124)
	at 	at org.slf4j.LoggerFactory.getILoggerFactory(LoggerFactory.java:417)
	at 	at org.slf4j.LoggerFactory.getLogger(LoggerFactory.java:362)
	at 	at org.slf4j.LoggerFactory.getLogger(LoggerFactory.java:388)
	at 	at com.airport.logger.ApplicationLogger.<init>(ApplicationLogger.java:14)
	at 	at com.airport.service.AirportManagementServiceImpl.<init>(AirportManagementServiceImpl.java:27)
	at 	at com.airport.controller.AirportManagementServiceTest.testListAllAirports(AirportManagementServiceTest.java:29)
	at 	at java.base/jdk.internal.reflect.NativeMethodAccessorImpl.invoke0(Native Method)
	at 	at java.base/jdk.internal.reflect.NativeMethodAccessorImpl.invoke(NativeMethodAccessorImpl.java:62)
	at 	at java.base/jdk.internal.reflect.DelegatingMethodAccessorImpl.invoke(DelegatingMethodAccessorImpl.java:43)
	at 	at java.base/java.lang.reflect.Method.invoke(Method.java:566)
	at 	at org.junit.runners.model.FrameworkMethod$1.runReflectiveCall(FrameworkMethod.java:50)
	at 	at org.junit.internal.runners.model.ReflectiveCallable.run(ReflectiveCallable.java:12)
	at 	at org.junit.runners.model.FrameworkMethod.invokeExplosively(FrameworkMethod.java:47)
	at 	at org.junit.internal.runners.statements.InvokeMethod.evaluate(InvokeMethod.java:17)
	at 	at org.junit.internal.runners.statements.RunBefores.evaluate(RunBefores.java:26)
	at 	at org.junit.internal.runners.statements.RunAfters.evaluate(RunAfters.java:27)
	at 	at org.junit.runners.ParentRunner.runLeaf(ParentRunner.java:325)
	at 	at org.junit.runners.BlockJUnit4ClassRunner.runChild(BlockJUnit4ClassRunner.java:78)
	at 	at org.junit.runners.BlockJUnit4ClassRunner.runChild(BlockJUnit4ClassRunner.java:57)
	at 	at org.junit.runners.ParentRunner$3.run(ParentRunner.java:290)
	at 	at org.junit.runners.ParentRunner$1.schedule(ParentRunner.java:71)
	at 	at org.junit.runners.ParentRunner.runChildren(ParentRunner.java:288)
	at 	at org.junit.runners.ParentRunner.access$000(ParentRunner.java:58)
	at 	at org.junit.runners.ParentRunner$2.evaluate(ParentRunner.java:268)
	at 	at org.junit.runners.ParentRunner.run(ParentRunner.java:363)
	at 	at org.apache.maven.surefire.junit4.JUnit4Provider.execute(JUnit4Provider.java:365)
	at 	at org.apache.maven.surefire.junit4.JUnit4Provider.executeWithRerun(JUnit4Provider.java:273)
	at 	at org.apache.maven.surefire.junit4.JUnit4Provider.executeTestSet(JUnit4Provider.java:238)
	at 	at org.apache.maven.surefire.junit4.JUnit4Provider.invoke(JUnit4Provider.java:159)
	at 	at org.apache.maven.surefire.booter.ForkedBooter.invokeProviderInSameClassLoader(ForkedBooter.java:384)
	at 	at org.apache.maven.surefire.booter.ForkedBooter.runSuitesInProcess(ForkedBooter.java:345)
	at 	at org.apache.maven.surefire.booter.ForkedBooter.execute(ForkedBooter.java:126)
	at 	at org.apache.maven.surefire.booter.ForkedBooter.main(ForkedBooter.java:418)
Caused by: java.lang.ClassNotFoundException: ch.qos.logback.ConsoleAppender
	at 	at java.base/jdk.internal.loader.BuiltinClassLoader.loadClass(BuiltinClassLoader.java:581)
	at 	at java.base/jdk.internal.loader.ClassLoaders$AppClassLoader.loadClass(ClassLoaders.java:178)
	at 	at java.base/java.lang.ClassLoader.loadClass(ClassLoader.java:521)
	at 	at ch.qos.logback.core.util.OptionHelper.instantiateByClassNameAndParameter(OptionHelper.java:56)
	at 	... 50 common frames omitted
19:24:46,106 |-ERROR in ch.qos.logback.core.joran.spi.Interpreter@4:69 - ActionException in Action for tag [appender] ch.qos.logback.core.joran.spi.ActionException: ch.qos.logback.core.util.DynamicClassLoadingException: Failed to instantiate type ch.qos.logback.ConsoleAppender
	at ch.qos.logback.core.joran.spi.ActionException: ch.qos.logback.core.util.DynamicClassLoadingException: Failed to instantiate type ch.qos.logback.ConsoleAppender
	at 	at ch.qos.logback.core.joran.action.AppenderAction.begin(AppenderAction.java:76)
	at 	at ch.qos.logback.core.joran.spi.Interpreter.callBeginAction(Interpreter.java:269)
	at 	at ch.qos.logback.core.joran.spi.Interpreter.startElement(Interpreter.java:145)
	at 	at ch.qos.logback.core.joran.spi.Interpreter.startElement(Interpreter.java:128)
	at 	at ch.qos.logback.core.joran.spi.EventPlayer.play(EventPlayer.java:50)
	at 	at ch.qos.logback.core.joran.GenericConfigurator.doConfigure(GenericConfigurator.java:165)
	at 	at ch.qos.logback.core.joran.GenericConfigurator.doConfigure(GenericConfigurator.java:152)
	at 	at ch.qos.logback.core.joran.GenericConfigurator.doConfigure(GenericConfigurator.java:110)
	at 	at ch.qos.logback.core.joran.GenericConfigurator.doConfigure(GenericConfigurator.java:53)
	at 	at ch.qos.logback.classic.util.ContextInitializer.configureByResource(ContextInitializer.java:75)
	at 	at ch.qos.logback.classic.util.ContextInitializer.autoConfig(ContextInitializer.java:150)
	at 	at org.slf4j.impl.StaticLoggerBinder.init(StaticLoggerBinder.java:84)
	at 	at org.slf4j.impl.StaticLoggerBinder.<clinit>(StaticLoggerBinder.java:55)
	at 	at org.slf4j.LoggerFactory.bind(LoggerFactory.java:150)
	at 	at org.slf4j.LoggerFactory.performInitialization(LoggerFactory.java:124)
	at 	at org.slf4j.LoggerFactory.getILoggerFactory(LoggerFactory.java:417)
	at 	at org.slf4j.LoggerFactory.getLogger(LoggerFactory.java:362)
	at 	at org.slf4j.LoggerFactory.getLogger(LoggerFactory.java:388)
	at 	at com.airport.logger.ApplicationLogger.<init>(ApplicationLogger.java:14)
	at 	at com.airport.service.AirportManagementServiceImpl.<init>(AirportManagementServiceImpl.java:27)
	at 	at com.airport.controller.AirportManagementServiceTest.testListAllAirports(AirportManagementServiceTest.java:29)
	at 	at java.base/jdk.internal.reflect.NativeMethodAccessorImpl.invoke0(Native Method)
	at 	at java.base/jdk.internal.reflect.NativeMethodAccessorImpl.invoke(NativeMethodAccessorImpl.java:62)
	at 	at java.base/jdk.internal.reflect.DelegatingMethodAccessorImpl.invoke(DelegatingMethodAccessorImpl.java:43)
	at 	at java.base/java.lang.reflect.Method.invoke(Method.java:566)
	at 	at org.junit.runners.model.FrameworkMethod$1.runReflectiveCall(FrameworkMethod.java:50)
	at 	at org.junit.internal.runners.model.ReflectiveCallable.run(ReflectiveCallable.java:12)
	at 	at org.junit.runners.model.FrameworkMethod.invokeExplosively(FrameworkMethod.java:47)
	at 	at org.junit.internal.runners.statements.InvokeMethod.evaluate(InvokeMethod.java:17)
	at 	at org.junit.internal.runners.statements.RunBefores.evaluate(RunBefores.java:26)
	at 	at org.junit.internal.runners.statements.RunAfters.evaluate(RunAfters.java:27)
	at 	at org.junit.runners.ParentRunner.runLeaf(ParentRunner.java:325)
	at 	at org.junit.runners.BlockJUnit4ClassRunner.runChild(BlockJUnit4ClassRunner.java:78)
	at 	at org.junit.runners.BlockJUnit4ClassRunner.runChild(BlockJUnit4ClassRunner.java:57)
	at 	at org.junit.runners.ParentRunner$3.run(ParentRunner.java:290)
	at 	at org.junit.runners.ParentRunner$1.schedule(ParentRunner.java:71)
	at 	at org.junit.runners.ParentRunner.runChildren(ParentRunner.java:288)
	at 	at org.junit.runners.ParentRunner.access$000(ParentRunner.java:58)
	at 	at org.junit.runners.ParentRunner$2.evaluate(ParentRunner.java:268)
	at 	at org.junit.runners.ParentRunner.run(ParentRunner.java:363)
	at 	at org.apache.maven.surefire.junit4.JUnit4Provider.execute(JUnit4Provider.java:365)
	at 	at org.apache.maven.surefire.junit4.JUnit4Provider.executeWithRerun(JUnit4Provider.java:273)
	at 	at org.apache.maven.surefire.junit4.JUnit4Provider.executeTestSet(JUnit4Provider.java:238)
	at 	at org.apache.maven.surefire.junit4.JUnit4Provider.invoke(JUnit4Provider.java:159)
	at 	at org.apache.maven.surefire.booter.ForkedBooter.invokeProviderInSameClassLoader(ForkedBooter.java:384)
	at 	at org.apache.maven.surefire.booter.ForkedBooter.runSuitesInProcess(ForkedBooter.java:345)
	at 	at org.apache.maven.surefire.booter.ForkedBooter.execute(ForkedBooter.java:126)
	at 	at org.apache.maven.surefire.booter.ForkedBooter.main(ForkedBooter.java:418)
Caused by: ch.qos.logback.core.util.DynamicClassLoadingException: Failed to instantiate type ch.qos.logback.ConsoleAppender
	at 	at ch.qos.logback.core.util.OptionHelper.instantiateByClassNameAndParameter(OptionHelper.java:69)
	at 	at ch.qos.logback.core.util.OptionHelper.instantiateByClassName(OptionHelper.java:45)
	at 	at ch.qos.logback.core.util.OptionHelper.instantiateByClassName(OptionHelper.java:34)
	at 	at ch.qos.logback.core.joran.action.AppenderAction.begin(AppenderAction.java:52)
	at 	... 47 common frames omitted
Caused by: java.lang.ClassNotFoundException: ch.qos.logback.ConsoleAppender
	at 	at java.base/jdk.internal.loader.BuiltinClassLoader.loadClass(BuiltinClassLoader.java:581)
	at 	at java.base/jdk.internal.loader.ClassLoaders$AppClassLoader.loadClass(ClassLoaders.java:178)
	at 	at java.base/java.lang.ClassLoader.loadClass(ClassLoader.java:521)
	at 	at ch.qos.logback.core.util.OptionHelper.instantiateByClassNameAndParameter(OptionHelper.java:56)
	at 	... 50 common frames omitted
19:24:46,106 |-INFO in ch.qos.logback.core.joran.action.AppenderAction - About to instantiate appender of type [ch.qos.logback.core.rolling.RollingFileAppender]
19:24:46,128 |-INFO in ch.qos.logback.core.joran.action.AppenderAction - Naming appender as [RollingFile]
19:24:46,233 |-INFO in c.q.l.core.rolling.TimeBasedRollingPolicy@605201451 - No compression will be used
19:24:46,237 |-INFO in c.q.l.core.rolling.TimeBasedRollingPolicy@605201451 - Will use the pattern ./logs/archived/spring-boot-logger-%d{yyyy-MM-dd}.%i.log for the active file
19:24:46,242 |-INFO in ch.qos.logback.core.rolling.SizeAndTimeBasedFNATP@45404d5 - The date pattern is 'yyyy-MM-dd' from file name pattern './logs/archived/spring-boot-logger-%d{yyyy-MM-dd}.%i.log'.
19:24:46,242 |-INFO in ch.qos.logback.core.rolling.SizeAndTimeBasedFNATP@45404d5 - Roll-over at midnight.
19:24:46,251 |-INFO in ch.qos.logback.core.rolling.SizeAndTimeBasedFNATP@45404d5 - Setting initial period to Sat May 29 19:22:57 IST 2021
19:24:46,251 |-WARN in ch.qos.logback.core.rolling.SizeAndTimeBasedFNATP@45404d5 - SizeAndTimeBasedFNATP is deprecated. Use SizeAndTimeBasedRollingPolicy instead
19:24:46,251 |-WARN in ch.qos.logback.core.rolling.SizeAndTimeBasedFNATP@45404d5 - For more information see http://logback.qos.ch/manual/appenders.html#SizeAndTimeBasedRollingPolicy
19:24:46,257 |-INFO in ch.qos.logback.core.rolling.RollingFileAppender[RollingFile] - Active log file name: ./logs/spring-boot-logger.log
19:24:46,257 |-INFO in ch.qos.logback.core.rolling.RollingFileAppender[RollingFile] - File property is set to [./logs/spring-boot-logger.log]
19:24:46,260 |-INFO in ch.qos.logback.classic.joran.action.RootLoggerAction - Setting level of ROOT logger to INFO
19:24:46,260 |-INFO in ch.qos.logback.core.joran.action.AppenderRefAction - Attaching appender named [RollingFile] to Logger[ROOT]
19:24:46,262 |-ERROR in ch.qos.logback.core.joran.action.AppenderRefAction - Could not find an appender named [Console]. Did you define it below instead of above in the configuration file?
19:24:46,262 |-ERROR in ch.qos.logback.core.joran.action.AppenderRefAction - See http://logback.qos.ch/codes.html#appender_order for more details.
19:24:46,263 |-INFO in ch.qos.logback.classic.joran.action.LoggerAction - Setting level of logger [com.airport] to TRACE
19:24:46,263 |-INFO in ch.qos.logback.classic.joran.action.LoggerAction - Setting additivity of logger [com.airport] to false
19:24:46,263 |-INFO in ch.qos.logback.core.joran.action.AppenderRefAction - Attaching appender named [RollingFile] to Logger[com.airport]
19:24:46,263 |-ERROR in ch.qos.logback.core.joran.action.AppenderRefAction - Could not find an appender named [Console]. Did you define it below instead of above in the configuration file?
19:24:46,263 |-ERROR in ch.qos.logback.core.joran.action.AppenderRefAction - See http://logback.qos.ch/codes.html#appender_order for more details.
19:24:46,263 |-INFO in ch.qos.logback.classic.joran.action.ConfigurationAction - End of configuration.
19:24:46,265 |-INFO in ch.qos.logback.classic.joran.JoranConfigurator@29138d3a - Registering current configuration as safe fallback point

After
]]></system-out>
    <system-err><![CDATA[SLF4J: Class path contains multiple SLF4J bindings.
SLF4J: Found binding in [jar:file:/C:/Users/sanyo/.m2/repository/ch/qos/logback/logback-classic/1.2.3/logback-classic-1.2.3.jar!/org/slf4j/impl/StaticLoggerBinder.class]
SLF4J: Found binding in [jar:file:/C:/Users/sanyo/.m2/repository/org/slf4j/slf4j-simple/1.7.30/slf4j-simple-1.7.30.jar!/org/slf4j/impl/StaticLoggerBinder.class]
SLF4J: See http://www.slf4j.org/codes.html#multiple_bindings for an explanation.
SLF4J: Actual binding is of type [ch.qos.logback.classic.util.ContextSelectorStaticBinder]
]]></system-err>
  </testcase>
</testsuite>